<?xml version="1.0" encoding="UTF-8" ?>
<testsuites>
  <testsuite errors="0" failures="0" hostname="normanboettcher" id="0" name="AngebotAgentTest" package="agentsTest" skipped="0" tests="4" time="0.13" timestamp="2021-10-08T16:34:25">
      <properties>
[...]
</properties>

      <testcase classname="agentsTest.AngebotAgentTest" name="tauscheEinkaufslisteProduktMitAngebotProduktTest" time="0.005" />

      <testcase classname="agentsTest.AngebotAgentTest" name="getGespartTest" time="0.001" />

      <testcase classname="agentsTest.AngebotAgentTest" name="getErsparungInProzentTest" time="0.005" />

      <testcase classname="agentsTest.AngebotAgentTest" name="produktImAngebotTest" time="0.001" />

      <system-out><![CDATA[19.9
17.9
[ 11.17] Prozent gespart
]]></system-out>

      <system-err><![CDATA[]]></system-err>

  </testsuite>
  <testsuite errors="0" failures="0" hostname="normanboettcher" id="1" name="EinkaufslistenVergleichsAgentTest" package="agentsTest" skipped="0" tests="1" time="0.153" timestamp="2021-10-08T16:34:26">
      <properties>
[...]
</properties>

      <testcase classname="agentsTest.EinkaufslistenVergleichsAgentTest" name="sortiereNachBilligstenFuenfTest" time="0.016" />

      <system-out><![CDATA[Bevor sortiert: 
5. 8.58 EUR
6. 6.12 EUR
7. 22.32 EUR
8. 29.4 EUR
9. 27.3 EUR
10. 37.28 EUR
11. 39.5 EUR
12. 41.64 EUR
13. 38.3 EUR
14. 38.76 EUR
Nach sortiert: 
1. 6.12 EUR
2. 8.58 EUR
3. 22.32 EUR
4. 27.3 EUR
5. 29.4 EUR
]]></system-out>

      <system-err><![CDATA[]]></system-err>

  </testsuite>
  <testsuite errors="0" failures="0" hostname="normanboettcher" id="2" name="AdresseTest" package="generalTest" skipped="0" tests="4" time="0.131" timestamp="2021-10-08T16:34:27">
      <properties>
[...]
</properties>

      <testcase classname="generalTest.AdresseTest" name="getNumberTest" time="0.003" />

      <testcase classname="generalTest.AdresseTest" name="getPLZTest" time="0.0" />

      <testcase classname="generalTest.AdresseTest" name="getCityTest" time="0.001" />

      <testcase classname="generalTest.AdresseTest" name="getStrasseTest" time="0.0" />

      <system-out><![CDATA[]]></system-out>

      <system-err><![CDATA[]]></system-err>

  </testsuite>
  <testsuite errors="0" failures="0" hostname="normanboettcher" id="3" name="EinkaufslisteTest" package="generalTest" skipped="0" tests="7" time="0.136" timestamp="2021-10-08T16:34:28">
      <properties>
[...]
</properties>

      <testcase classname="generalTest.EinkaufslisteTest" name="getProdukteMitMengeTest" time="0.006" />

      <testcase classname="generalTest.EinkaufslisteTest" name="getProduktlisteTest" time="0.001" />

      <testcase classname="generalTest.EinkaufslisteTest" name="loescheProdukteVonListeTest" time="0.001" />

      <testcase classname="generalTest.EinkaufslisteTest" name="getEinkaufslisteDateTest" time="0.0" />

      <testcase classname="generalTest.EinkaufslisteTest" name="getEinkaufslisteIDTest" time="0.0" />

      <testcase classname="generalTest.EinkaufslisteTest" name="berechneGesamtPreisTest" time="0.001" />

      <testcase classname="generalTest.EinkaufslisteTest" name="getUserTest" time="0.0" />

      <system-out><![CDATA[]]></system-out>

      <system-err><![CDATA[]]></system-err>

  </testsuite>
  <testsuite errors="0" failures="0" hostname="normanboettcher" id="4" name="FoodTest" package="generalTest" skipped="0" tests="12" time="0.135" timestamp="2021-10-08T16:34:29">
      <properties>
[...]
</properties>

      <testcase classname="generalTest.FoodTest" name="getRabattTest" time="0.005" />

      <testcase classname="generalTest.FoodTest" name="getOriginPreisTest" time="0.001" />

      <testcase classname="generalTest.FoodTest" name="getPreisTest" time="0.0" />

      <testcase classname="generalTest.FoodTest" name="getImageTest" time="0.001" />

      <testcase classname="generalTest.FoodTest" name="getArtikelNrTest" time="0.0" />

      <testcase classname="generalTest.FoodTest" name="getHerstellerTest" time="0.0" />

      <testcase classname="generalTest.FoodTest" name="getKategorieTest" time="0.001" />

      <testcase classname="generalTest.FoodTest" name="getBioTest" time="0.0" />

      <testcase classname="generalTest.FoodTest" name="getVeganTest" time="0.0" />

      <testcase classname="generalTest.FoodTest" name="getVeggyTest" time="0.001" />

      <testcase classname="generalTest.FoodTest" name="getLokalTest" time="0.0" />

      <testcase classname="generalTest.FoodTest" name="getBezeichnungTest" time="0.001" />

      <system-out><![CDATA[]]></system-out>

      <system-err><![CDATA[]]></system-err>

  </testsuite>
  <testsuite errors="0" failures="0" hostname="normanboettcher" id="5" name="SupermarktTest" package="generalTest" skipped="0" tests="7" time="0.126" timestamp="2021-10-08T16:34:29">
      <properties>
[...]
</properties>

      <testcase classname="generalTest.SupermarktTest" name="getAngeboteTest" time="0.006" />

      <testcase classname="generalTest.SupermarktTest" name="removeAngebotByKeyTest" time="0.001" />

      <testcase classname="generalTest.SupermarktTest" name="getSortimentTest" time="0.001" />

      <testcase classname="generalTest.SupermarktTest" name="getSortimentByKeyTest" time="0.001" />

      <testcase classname="generalTest.SupermarktTest" name="addAngebotTest" time="0.0" />

      <testcase classname="generalTest.SupermarktTest" name="getAngebotByKeyTest" time="0.001" />

      <testcase classname="generalTest.SupermarktTest" name="removeSortimentByKeyTest" time="0.001" />

      <system-out><![CDATA[]]></system-out>

      <system-err><![CDATA[]]></system-err>

  </testsuite>
  <testsuite errors="0" failures="0" hostname="normanboettcher" id="6" name="UserTest" package="generalTest" skipped="0" tests="6" time="0.146" timestamp="2021-10-08T16:34:30">
      <properties>
[...]
</properties>

      <testcase classname="generalTest.UserTest" name="getPasswortTest" time="0.006" />

      <testcase classname="generalTest.UserTest" name="getFullNameTest" time="0.007" />

      <testcase classname="generalTest.UserTest" name="getEinkaufsListeByDateTest" time="0.002" />

      <testcase classname="generalTest.UserTest" name="getEinkaufslisteHistorieTest" time="0.002" />

      <testcase classname="generalTest.UserTest" name="getAdresseTest" time="0.001" />

      <testcase classname="generalTest.UserTest" name="getEinkaufslisteTest" time="0.001" />

      <system-out><![CDATA[[2] 2002-02-03
[100] 2002-02-03
0.  || Date: 2000-02-03
1.  || Date: 2001-02-03
2.  || Date: 2002-02-03
3.  || Date: 2003-02-03
4.  || Date: 2004-02-03
100.  || Date: 2002-02-03
5.  || Date: 2005-02-03
6.  || Date: 2006-02-03
7.  || Date: 2007-02-03
8.  || Date: 2008-02-03
9.  || Date: 2009-02-03
10.  || Date: 2010-02-03
11.  || Date: 2011-02-03
12.  || Date: 2012-02-03
13.  || Date: 2013-02-03
14.  || Date: 2014-02-03
]]></system-out>

      <system-err><![CDATA[]]></system-err>

  </testsuite>
  <testsuite errors="0" failures="0" hostname="normanboettcher" id="7" name="DoubleManagerTest" package="managersTest" skipped="0" tests="1" time="0.118" timestamp="2021-10-08T16:34:31">
      <properties>
[...]
</properties>

      <testcase classname="managersTest.DoubleManagerTest" name="roundTest" time="0.003" />

      <system-out><![CDATA[]]></system-out>

      <system-err><![CDATA[]]></system-err>

  </testsuite>
  <testsuite errors="0" failures="0" hostname="normanboettcher" id="8" name="RabattManagerTest" package="managersTest" skipped="0" tests="2" time="0.118" timestamp="2021-10-08T16:34:32">
      <properties>
[...]
</properties>

      <testcase classname="managersTest.RabattManagerTest" name="abzugRabattTest" time="0.004" />

      <testcase classname="managersTest.RabattManagerTest" name="getRandomRabattTest" time="0.001" />

      <system-out><![CDATA[]]></system-out>

      <system-err><![CDATA[]]></system-err>

  </testsuite>
</testsuites>
