<?xml version="1.0" encoding="UTF-8" ?>
<testsuite errors="0" failures="0" hostname="normanboettcher" name="generalTest.UserTest" skipped="0" tests="6" time="0.131" timestamp="2021-10-17T12:21:15">
  <properties>
[...]
</properties>
  <testcase classname="generalTest.UserTest" name="getPasswortTest" time="0.007" />
  <testcase classname="generalTest.UserTest" name="getFullNameTest" time="0.007" />
  <testcase classname="generalTest.UserTest" name="getEinkaufsListeByDateTest" time="0.002" />
  <testcase classname="generalTest.UserTest" name="getEinkaufslisteHistorieTest" time="0.002" />
  <testcase classname="generalTest.UserTest" name="getAdresseTest" time="0.001" />
  <testcase classname="generalTest.UserTest" name="getEinkaufslisteTest" time="0.001" />
  <system-out><![CDATA[[2] 2002-02-03
[100] 2002-02-03
0.  || Date: 2000-02-03
1.  || Date: 2001-02-03
2.  || Date: 2002-02-03
3.  || Date: 2003-02-03
4.  || Date: 2004-02-03
100.  || Date: 2002-02-03
5.  || Date: 2005-02-03
6.  || Date: 2006-02-03
7.  || Date: 2007-02-03
8.  || Date: 2008-02-03
9.  || Date: 2009-02-03
10.  || Date: 2010-02-03
11.  || Date: 2011-02-03
12.  || Date: 2012-02-03
13.  || Date: 2013-02-03
14.  || Date: 2014-02-03
]]></system-out>
  <system-err><![CDATA[]]></system-err>
</testsuite>
