<?xml version="1.0" encoding="UTF-8" ?>
<testsuite errors="0" failures="0" hostname="normanboettcher" name="generalTest.EinkaufslisteTest" skipped="0" tests="7" time="0.136" timestamp="2021-10-17T12:21:13">
  <properties>
[...]
</properties>
  <testcase classname="generalTest.EinkaufslisteTest" name="getProdukteMitMengeTest" time="0.006" />
  <testcase classname="generalTest.EinkaufslisteTest" name="getProduktlisteTest" time="0.0" />
  <testcase classname="generalTest.EinkaufslisteTest" name="loescheProdukteVonListeTest" time="0.001" />
  <testcase classname="generalTest.EinkaufslisteTest" name="getEinkaufslisteDateTest" time="0.001" />
  <testcase classname="generalTest.EinkaufslisteTest" name="getEinkaufslisteIDTest" time="0.0" />
  <testcase classname="generalTest.EinkaufslisteTest" name="berechneGesamtPreisTest" time="0.001" />
  <testcase classname="generalTest.EinkaufslisteTest" name="getUserTest" time="0.0" />
  <system-out><![CDATA[]]></system-out>
  <system-err><![CDATA[]]></system-err>
</testsuite>
